<?xml version="1.0" encoding="UTF-8"?>
<!-- Generated by org.testng.reporters.JUnitXMLReporter -->
<testsuite hostname="IN-5CG7192FW6" ignored="0" name="Load testing Feature" tests="3" failures="0" timestamp="11 Mar 2020 12:16:03 GMT" time="116.419" errors="0">
  <testcase name="traveeling_mode" time="9.807" classname="com.loadtesting.tests.HomePageTest"/>
  <testcase name="travellingwithoutStartName" time="12.09" classname="com.loadtesting.tests.HomePageTest"/>
  <testcase name="VerifyHomePageTitle" time="0.878" classname="com.loadtesting.tests.HomePageTest"/>
</testsuite> <!-- Load testing Feature -->
